Performing C SOURCE FILE Test CMAKE_HAVE_LIBC_PTHREAD failed with the following output:
Change Dir: /home/zcw/CPP_mukoedo_lib/DBSCAN_algorithm/build/CMakeFiles/CMakeTmp

Run Build Command(s):/usr/bin/make cmTC_bac5a/fast && /usr/bin/make -f CMakeFiles/cmTC_bac5a.dir/build.make CMakeFiles/cmTC_bac5a.dir/build
make[1]: Entering directory '/home/zcw/CPP_mukoedo_lib/DBSCAN_algorithm/build/CMakeFiles/CMakeTmp'
Building C object CMakeFiles/cmTC_bac5a.dir/src.c.o
/usr/bin/cc   -DCMAKE_HAVE_LIBC_PTHREAD   -o CMakeFiles/cmTC_bac5a.dir/src.c.o   -c /home/zcw/CPP_mukoedo_lib/DBSCAN_algorithm/build/CMakeFiles/CMakeTmp/src.c
Linking C executable cmTC_bac5a
/usr/bin/cmake -E cmake_link_script CMakeFiles/cmTC_bac5a.dir/link.txt --verbose=1
/usr/bin/cc  -DCMAKE_HAVE_LIBC_PTHREAD    -rdynamic CMakeFiles/cmTC_bac5a.dir/src.c.o  -o cmTC_bac5a 
/usr/bin/ld: CMakeFiles/cmTC_bac5a.dir/src.c.o: in function `main':
src.c:(.text+0x46): undefined reference to `pthread_create'
/usr/bin/ld: src.c:(.text+0x52): undefined reference to `pthread_detach'
/usr/bin/ld: src.c:(.text+0x63): undefined reference to `pthread_join'
collect2: error: ld returned 1 exit status
make[1]: *** [CMakeFiles/cmTC_bac5a.dir/build.make:87: cmTC_bac5a] Error 1
make[1]: Leaving directory '/home/zcw/CPP_mukoedo_lib/DBSCAN_algorithm/build/CMakeFiles/CMakeTmp'
make: *** [Makefile:121: cmTC_bac5a/fast] Error 2


Source file was:
#include <pthread.h>

void* test_func(void* data)
{
  return data;
}

int main(void)
{
  pthread_t thread;
  pthread_create(&thread, NULL, test_func, NULL);
  pthread_detach(thread);
  pthread_join(thread, NULL);
  pthread_atfork(NULL, NULL, NULL);
  pthread_exit(NULL);

  return 0;
}

Determining if the function pthread_create exists in the pthreads failed with the following output:
Change Dir: /home/zcw/CPP_mukoedo_lib/DBSCAN_algorithm/build/CMakeFiles/CMakeTmp

Run Build Command(s):/usr/bin/make cmTC_9d913/fast && /usr/bin/make -f CMakeFiles/cmTC_9d913.dir/build.make CMakeFiles/cmTC_9d913.dir/build
make[1]: Entering directory '/home/zcw/CPP_mukoedo_lib/DBSCAN_algorithm/build/CMakeFiles/CMakeTmp'
Building C object CMakeFiles/cmTC_9d913.dir/CheckFunctionExists.c.o
/usr/bin/cc   -DCHECK_FUNCTION_EXISTS=pthread_create   -o CMakeFiles/cmTC_9d913.dir/CheckFunctionExists.c.o   -c /usr/share/cmake-3.16/Modules/CheckFunctionExists.c
Linking C executable cmTC_9d913
/usr/bin/cmake -E cmake_link_script CMakeFiles/cmTC_9d913.dir/link.txt --verbose=1
/usr/bin/cc  -DCHECK_FUNCTION_EXISTS=pthread_create    -rdynamic CMakeFiles/cmTC_9d913.dir/CheckFunctionExists.c.o  -o cmTC_9d913  -lpthreads 
/usr/bin/ld: cannot find -lpthreads
collect2: error: ld returned 1 exit status
make[1]: *** [CMakeFiles/cmTC_9d913.dir/build.make:87: cmTC_9d913] Error 1
make[1]: Leaving directory '/home/zcw/CPP_mukoedo_lib/DBSCAN_algorithm/build/CMakeFiles/CMakeTmp'
make: *** [Makefile:121: cmTC_9d913/fast] Error 2



Determining if the function sgesv exists failed with the following output:
Change Dir: /home/zcw/CPP_mukoedo_lib/DBSCAN_algorithm/build/CMakeFiles/CMakeTmp

Run Build Command(s):/usr/bin/make cmTC_afcf2/fast && /usr/bin/make -f CMakeFiles/cmTC_afcf2.dir/build.make CMakeFiles/cmTC_afcf2.dir/build
make[1]: Entering directory '/home/zcw/CPP_mukoedo_lib/DBSCAN_algorithm/build/CMakeFiles/CMakeTmp'
Building C object CMakeFiles/cmTC_afcf2.dir/CheckFunctionExists.c.o
/usr/bin/cc   -DCHECK_FUNCTION_EXISTS=sgesv   -o CMakeFiles/cmTC_afcf2.dir/CheckFunctionExists.c.o   -c /usr/share/cmake-3.16/Modules/CheckFunctionExists.c
Linking C executable cmTC_afcf2
/usr/bin/cmake -E cmake_link_script CMakeFiles/cmTC_afcf2.dir/link.txt --verbose=1
/usr/bin/cc  -DCHECK_FUNCTION_EXISTS=sgesv    -rdynamic CMakeFiles/cmTC_afcf2.dir/CheckFunctionExists.c.o  -o cmTC_afcf2 
/usr/bin/ld: CMakeFiles/cmTC_afcf2.dir/CheckFunctionExists.c.o: in function `main':
CheckFunctionExists.c:(.text+0x14): undefined reference to `sgesv'
collect2: error: ld returned 1 exit status
make[1]: *** [CMakeFiles/cmTC_afcf2.dir/build.make:87: cmTC_afcf2] Error 1
make[1]: Leaving directory '/home/zcw/CPP_mukoedo_lib/DBSCAN_algorithm/build/CMakeFiles/CMakeTmp'
make: *** [Makefile:121: cmTC_afcf2/fast] Error 2



Determining if the function sgesv_ exists failed with the following output:
Change Dir: /home/zcw/CPP_mukoedo_lib/DBSCAN_algorithm/build/CMakeFiles/CMakeTmp

Run Build Command(s):/usr/bin/make cmTC_0ecc2/fast && /usr/bin/make -f CMakeFiles/cmTC_0ecc2.dir/build.make CMakeFiles/cmTC_0ecc2.dir/build
make[1]: Entering directory '/home/zcw/CPP_mukoedo_lib/DBSCAN_algorithm/build/CMakeFiles/CMakeTmp'
Building C object CMakeFiles/cmTC_0ecc2.dir/CheckFunctionExists.c.o
/usr/bin/cc   -DCHECK_FUNCTION_EXISTS=sgesv_   -o CMakeFiles/cmTC_0ecc2.dir/CheckFunctionExists.c.o   -c /usr/share/cmake-3.16/Modules/CheckFunctionExists.c
Linking C executable cmTC_0ecc2
/usr/bin/cmake -E cmake_link_script CMakeFiles/cmTC_0ecc2.dir/link.txt --verbose=1
/usr/bin/cc  -DCHECK_FUNCTION_EXISTS=sgesv_    -rdynamic CMakeFiles/cmTC_0ecc2.dir/CheckFunctionExists.c.o  -o cmTC_0ecc2 
/usr/bin/ld: CMakeFiles/cmTC_0ecc2.dir/CheckFunctionExists.c.o: in function `main':
CheckFunctionExists.c:(.text+0x14): undefined reference to `sgesv_'
collect2: error: ld returned 1 exit status
make[1]: *** [CMakeFiles/cmTC_0ecc2.dir/build.make:87: cmTC_0ecc2] Error 1
make[1]: Leaving directory '/home/zcw/CPP_mukoedo_lib/DBSCAN_algorithm/build/CMakeFiles/CMakeTmp'
make: *** [Makefile:121: cmTC_0ecc2/fast] Error 2



